<?xml version="1.0" encoding="UTF-8"?>
<testsuites>
  <testsuite name="" tests="25" assertions="70" errors="0" warnings="0" failures="0" skipped="0" time="0.022474">
    <testsuite name="Project Test Suite" tests="25" assertions="70" errors="0" warnings="0" failures="0" skipped="0" time="0.022474">
      <testsuite name="App\Card\CardGraphicTest" file="/Users/tovelernvall/dbwebb-kurser/mvc/me/report/tests/Card/CardGraphicTest.php" tests="1" assertions="2" errors="0" warnings="0" failures="0" skipped="0" time="0.006473">
        <testcase name="testCreateCardGraphic" class="App\Card\CardGraphicTest" classname="App.Card.CardGraphicTest" file="/Users/tovelernvall/dbwebb-kurser/mvc/me/report/tests/Card/CardGraphicTest.php" line="15" assertions="2" time="0.006473"/>
      </testsuite>
      <testsuite name="App\Card\CardHandTest" file="/Users/tovelernvall/dbwebb-kurser/mvc/me/report/tests/Card/CardHandTest.php" tests="1" assertions="4" errors="0" warnings="0" failures="0" skipped="0" time="0.002181">
        <testcase name="testCreateHand" class="App\Card\CardHandTest" classname="App.Card.CardHandTest" file="/Users/tovelernvall/dbwebb-kurser/mvc/me/report/tests/Card/CardHandTest.php" line="16" assertions="4" time="0.002181"/>
      </testsuite>
      <testsuite name="App\Card\CardTest" file="/Users/tovelernvall/dbwebb-kurser/mvc/me/report/tests/Card/CardTest.php" tests="5" assertions="18" errors="0" warnings="0" failures="0" skipped="0" time="0.001194">
        <testcase name="testCreateCardNbr" class="App\Card\CardTest" classname="App.Card.CardTest" file="/Users/tovelernvall/dbwebb-kurser/mvc/me/report/tests/Card/CardTest.php" line="15" assertions="3" time="0.000281"/>
        <testcase name="testCreateCardAce" class="App\Card\CardTest" classname="App.Card.CardTest" file="/Users/tovelernvall/dbwebb-kurser/mvc/me/report/tests/Card/CardTest.php" line="27" assertions="5" time="0.000271"/>
        <testcase name="testCreateCardJack" class="App\Card\CardTest" classname="App.Card.CardTest" file="/Users/tovelernvall/dbwebb-kurser/mvc/me/report/tests/Card/CardTest.php" line="41" assertions="3" time="0.000205"/>
        <testcase name="testCreateCardQueen" class="App\Card\CardTest" classname="App.Card.CardTest" file="/Users/tovelernvall/dbwebb-kurser/mvc/me/report/tests/Card/CardTest.php" line="53" assertions="4" time="0.000239"/>
        <testcase name="testCreateCardKing" class="App\Card\CardTest" classname="App.Card.CardTest" file="/Users/tovelernvall/dbwebb-kurser/mvc/me/report/tests/Card/CardTest.php" line="66" assertions="3" time="0.000197"/>
      </testsuite>
      <testsuite name="App\Card\DeckOfCardsTest" file="/Users/tovelernvall/dbwebb-kurser/mvc/me/report/tests/Card/DeckOfCardsTest.php" tests="4" assertions="12" errors="0" warnings="0" failures="0" skipped="0" time="0.004689">
        <testcase name="testCreateDeckOfCards" class="App\Card\DeckOfCardsTest" classname="App.Card.DeckOfCardsTest" file="/Users/tovelernvall/dbwebb-kurser/mvc/me/report/tests/Card/DeckOfCardsTest.php" line="16" assertions="2" time="0.001214"/>
        <testcase name="testShuffleDeck" class="App\Card\DeckOfCardsTest" classname="App.Card.DeckOfCardsTest" file="/Users/tovelernvall/dbwebb-kurser/mvc/me/report/tests/Card/DeckOfCardsTest.php" line="27" assertions="2" time="0.002346"/>
        <testcase name="testDrawCards" class="App\Card\DeckOfCardsTest" classname="App.Card.DeckOfCardsTest" file="/Users/tovelernvall/dbwebb-kurser/mvc/me/report/tests/Card/DeckOfCardsTest.php" line="42" assertions="5" time="0.000399"/>
        <testcase name="testShowJsonDeck" class="App\Card\DeckOfCardsTest" classname="App.Card.DeckOfCardsTest" file="/Users/tovelernvall/dbwebb-kurser/mvc/me/report/tests/Card/DeckOfCardsTest.php" line="58" assertions="3" time="0.000731"/>
      </testsuite>
      <testsuite name="App\Game\GamePlanTest" file="/Users/tovelernvall/dbwebb-kurser/mvc/me/report/tests/Game/GamePlanTest.php" tests="3" assertions="6" errors="0" warnings="0" failures="0" skipped="0" time="0.001176">
        <testcase name="testCreateGamePlan" class="App\Game\GamePlanTest" classname="App.Game.GamePlanTest" file="/Users/tovelernvall/dbwebb-kurser/mvc/me/report/tests/Game/GamePlanTest.php" line="20" assertions="2" time="0.000672"/>
        <testcase name="testPlaceCardOnGamePlan" class="App\Game\GamePlanTest" classname="App.Game.GamePlanTest" file="/Users/tovelernvall/dbwebb-kurser/mvc/me/report/tests/Game/GamePlanTest.php" line="30" assertions="3" time="0.000271"/>
        <testcase name="testShowJsonBoard" class="App\Game\GamePlanTest" classname="App.Game.GamePlanTest" file="/Users/tovelernvall/dbwebb-kurser/mvc/me/report/tests/Game/GamePlanTest.php" line="44" assertions="1" time="0.000233"/>
      </testsuite>
      <testsuite name="App\Game\GameRulesTest" file="/Users/tovelernvall/dbwebb-kurser/mvc/me/report/tests/Game/GameRulesTest.php" tests="7" assertions="16" errors="0" warnings="0" failures="0" skipped="0" time="0.003055">
        <testcase name="testRoyalFlush" class="App\Game\GameRulesTest" classname="App.Game.GameRulesTest" file="/Users/tovelernvall/dbwebb-kurser/mvc/me/report/tests/Game/GameRulesTest.php" line="20" assertions="4" time="0.001412"/>
        <testcase name="testGetRanks" class="App\Game\GameRulesTest" classname="App.Game.GameRulesTest" file="/Users/tovelernvall/dbwebb-kurser/mvc/me/report/tests/Game/GameRulesTest.php" line="38" assertions="2" time="0.000437"/>
        <testcase name="testFullHouse" class="App\Game\GameRulesTest" classname="App.Game.GameRulesTest" file="/Users/tovelernvall/dbwebb-kurser/mvc/me/report/tests/Game/GameRulesTest.php" line="59" assertions="2" time="0.000261"/>
        <testcase name="testFourOfAKind" class="App\Game\GameRulesTest" classname="App.Game.GameRulesTest" file="/Users/tovelernvall/dbwebb-kurser/mvc/me/report/tests/Game/GameRulesTest.php" line="75" assertions="2" time="0.000235"/>
        <testcase name="testThreeOfAKind" class="App\Game\GameRulesTest" classname="App.Game.GameRulesTest" file="/Users/tovelernvall/dbwebb-kurser/mvc/me/report/tests/Game/GameRulesTest.php" line="91" assertions="2" time="0.000236"/>
        <testcase name="testTwoPair" class="App\Game\GameRulesTest" classname="App.Game.GameRulesTest" file="/Users/tovelernvall/dbwebb-kurser/mvc/me/report/tests/Game/GameRulesTest.php" line="109" assertions="2" time="0.000238"/>
        <testcase name="testPair" class="App\Game\GameRulesTest" classname="App.Game.GameRulesTest" file="/Users/tovelernvall/dbwebb-kurser/mvc/me/report/tests/Game/GameRulesTest.php" line="125" assertions="2" time="0.000236"/>
      </testsuite>
      <testsuite name="App\Game\ScoreBoardTest" file="/Users/tovelernvall/dbwebb-kurser/mvc/me/report/tests/Game/ScoreBoardTest.php" tests="4" assertions="12" errors="0" warnings="0" failures="0" skipped="0" time="0.003707">
        <testcase name="testCheckWin" class="App\Game\ScoreBoardTest" classname="App.Game.ScoreBoardTest" file="/Users/tovelernvall/dbwebb-kurser/mvc/me/report/tests/Game/ScoreBoardTest.php" line="20" assertions="2" time="0.000735"/>
        <testcase name="testCalculateScore" class="App\Game\ScoreBoardTest" classname="App.Game.ScoreBoardTest" file="/Users/tovelernvall/dbwebb-kurser/mvc/me/report/tests/Game/ScoreBoardTest.php" line="30" assertions="2" time="0.000283"/>
        <testcase name="testRowScore" class="App\Game\ScoreBoardTest" classname="App.Game.ScoreBoardTest" file="/Users/tovelernvall/dbwebb-kurser/mvc/me/report/tests/Game/ScoreBoardTest.php" line="51" assertions="4" time="0.001307"/>
        <testcase name="testColScore" class="App\Game\ScoreBoardTest" classname="App.Game.ScoreBoardTest" file="/Users/tovelernvall/dbwebb-kurser/mvc/me/report/tests/Game/ScoreBoardTest.php" line="75" assertions="4" time="0.001382"/>
      </testsuite>
    </testsuite>
  </testsuite>
</testsuites>
