<?xml version="1.0" encoding="UTF-8"?>
<testsuites>
  <testsuite name="" tests="25" assertions="70" errors="0" warnings="0" failures="0" skipped="0" time="0.024221">
    <testsuite name="Project Test Suite" tests="25" assertions="70" errors="0" warnings="0" failures="0" skipped="0" time="0.024221">
      <testsuite name="App\Card\CardGraphicTest" file="/Users/tovelernvall/dbwebb-kurser/mvc/me/report/tests/Card/CardGraphicTest.php" tests="1" assertions="2" errors="0" warnings="0" failures="0" skipped="0" time="0.006802">
        <testcase name="testCreateCardGraphic" class="App\Card\CardGraphicTest" classname="App.Card.CardGraphicTest" file="/Users/tovelernvall/dbwebb-kurser/mvc/me/report/tests/Card/CardGraphicTest.php" line="15" assertions="2" time="0.006802"/>
      </testsuite>
      <testsuite name="App\Card\CardHandTest" file="/Users/tovelernvall/dbwebb-kurser/mvc/me/report/tests/Card/CardHandTest.php" tests="1" assertions="4" errors="0" warnings="0" failures="0" skipped="0" time="0.002495">
        <testcase name="testCreateHand" class="App\Card\CardHandTest" classname="App.Card.CardHandTest" file="/Users/tovelernvall/dbwebb-kurser/mvc/me/report/tests/Card/CardHandTest.php" line="16" assertions="4" time="0.002495"/>
      </testsuite>
      <testsuite name="App\Card\CardTest" file="/Users/tovelernvall/dbwebb-kurser/mvc/me/report/tests/Card/CardTest.php" tests="5" assertions="18" errors="0" warnings="0" failures="0" skipped="0" time="0.001142">
        <testcase name="testCreateCardNbr" class="App\Card\CardTest" classname="App.Card.CardTest" file="/Users/tovelernvall/dbwebb-kurser/mvc/me/report/tests/Card/CardTest.php" line="15" assertions="3" time="0.000249"/>
        <testcase name="testCreateCardAce" class="App\Card\CardTest" classname="App.Card.CardTest" file="/Users/tovelernvall/dbwebb-kurser/mvc/me/report/tests/Card/CardTest.php" line="27" assertions="5" time="0.000266"/>
        <testcase name="testCreateCardJack" class="App\Card\CardTest" classname="App.Card.CardTest" file="/Users/tovelernvall/dbwebb-kurser/mvc/me/report/tests/Card/CardTest.php" line="41" assertions="3" time="0.000198"/>
        <testcase name="testCreateCardQueen" class="App\Card\CardTest" classname="App.Card.CardTest" file="/Users/tovelernvall/dbwebb-kurser/mvc/me/report/tests/Card/CardTest.php" line="53" assertions="4" time="0.000237"/>
        <testcase name="testCreateCardKing" class="App\Card\CardTest" classname="App.Card.CardTest" file="/Users/tovelernvall/dbwebb-kurser/mvc/me/report/tests/Card/CardTest.php" line="66" assertions="3" time="0.000192"/>
      </testsuite>
      <testsuite name="App\Card\DeckOfCardsTest" file="/Users/tovelernvall/dbwebb-kurser/mvc/me/report/tests/Card/DeckOfCardsTest.php" tests="4" assertions="12" errors="0" warnings="0" failures="0" skipped="0" time="0.004890">
        <testcase name="testCreateDeckOfCards" class="App\Card\DeckOfCardsTest" classname="App.Card.DeckOfCardsTest" file="/Users/tovelernvall/dbwebb-kurser/mvc/me/report/tests/Card/DeckOfCardsTest.php" line="16" assertions="2" time="0.001443"/>
        <testcase name="testShuffleDeck" class="App\Card\DeckOfCardsTest" classname="App.Card.DeckOfCardsTest" file="/Users/tovelernvall/dbwebb-kurser/mvc/me/report/tests/Card/DeckOfCardsTest.php" line="27" assertions="2" time="0.002318"/>
        <testcase name="testDrawCards" class="App\Card\DeckOfCardsTest" classname="App.Card.DeckOfCardsTest" file="/Users/tovelernvall/dbwebb-kurser/mvc/me/report/tests/Card/DeckOfCardsTest.php" line="42" assertions="5" time="0.000394"/>
        <testcase name="testShowJsonDeck" class="App\Card\DeckOfCardsTest" classname="App.Card.DeckOfCardsTest" file="/Users/tovelernvall/dbwebb-kurser/mvc/me/report/tests/Card/DeckOfCardsTest.php" line="58" assertions="3" time="0.000736"/>
      </testsuite>
      <testsuite name="App\Game\GamePlanTest" file="/Users/tovelernvall/dbwebb-kurser/mvc/me/report/tests/Game/GamePlanTest.php" tests="3" assertions="6" errors="0" warnings="0" failures="0" skipped="0" time="0.001371">
        <testcase name="testCreateGamePlan" class="App\Game\GamePlanTest" classname="App.Game.GamePlanTest" file="/Users/tovelernvall/dbwebb-kurser/mvc/me/report/tests/Game/GamePlanTest.php" line="20" assertions="2" time="0.000857"/>
        <testcase name="testPlaceCardOnGamePlan" class="App\Game\GamePlanTest" classname="App.Game.GamePlanTest" file="/Users/tovelernvall/dbwebb-kurser/mvc/me/report/tests/Game/GamePlanTest.php" line="30" assertions="3" time="0.000279"/>
        <testcase name="testShowJsonBoard" class="App\Game\GamePlanTest" classname="App.Game.GamePlanTest" file="/Users/tovelernvall/dbwebb-kurser/mvc/me/report/tests/Game/GamePlanTest.php" line="44" assertions="1" time="0.000235"/>
      </testsuite>
      <testsuite name="App\Game\GameRulesTest" file="/Users/tovelernvall/dbwebb-kurser/mvc/me/report/tests/Game/GameRulesTest.php" tests="6" assertions="14" errors="0" warnings="0" failures="0" skipped="0" time="0.003078">
        <testcase name="testRoyalFlush" class="App\Game\GameRulesTest" classname="App.Game.GameRulesTest" file="/Users/tovelernvall/dbwebb-kurser/mvc/me/report/tests/Game/GameRulesTest.php" line="20" assertions="4" time="0.001821"/>
        <testcase name="testFullHouse" class="App\Game\GameRulesTest" classname="App.Game.GameRulesTest" file="/Users/tovelernvall/dbwebb-kurser/mvc/me/report/tests/Game/GameRulesTest.php" line="59" assertions="2" time="0.000288"/>
        <testcase name="testFourOfAKind" class="App\Game\GameRulesTest" classname="App.Game.GameRulesTest" file="/Users/tovelernvall/dbwebb-kurser/mvc/me/report/tests/Game/GameRulesTest.php" line="75" assertions="2" time="0.000246"/>
        <testcase name="testThreeOfAKind" class="App\Game\GameRulesTest" classname="App.Game.GameRulesTest" file="/Users/tovelernvall/dbwebb-kurser/mvc/me/report/tests/Game/GameRulesTest.php" line="91" assertions="2" time="0.000246"/>
        <testcase name="testTwoPair" class="App\Game\GameRulesTest" classname="App.Game.GameRulesTest" file="/Users/tovelernvall/dbwebb-kurser/mvc/me/report/tests/Game/GameRulesTest.php" line="109" assertions="2" time="0.000239"/>
        <testcase name="testPair" class="App\Game\GameRulesTest" classname="App.Game.GameRulesTest" file="/Users/tovelernvall/dbwebb-kurser/mvc/me/report/tests/Game/GameRulesTest.php" line="125" assertions="2" time="0.000239"/>
      </testsuite>
      <testsuite name="App\Game\GameRulesTwoTest" file="/Users/tovelernvall/dbwebb-kurser/mvc/me/report/tests/Game/GameRulesTwoTest.php" tests="1" assertions="2" errors="0" warnings="0" failures="0" skipped="0" time="0.000422">
        <testcase name="testGetRanks" class="App\Game\GameRulesTwoTest" classname="App.Game.GameRulesTwoTest" file="/Users/tovelernvall/dbwebb-kurser/mvc/me/report/tests/Game/GameRulesTwoTest.php" line="20" assertions="2" time="0.000422"/>
      </testsuite>
      <testsuite name="App\Game\ScoreBoardTest" file="/Users/tovelernvall/dbwebb-kurser/mvc/me/report/tests/Game/ScoreBoardTest.php" tests="4" assertions="12" errors="0" warnings="0" failures="0" skipped="0" time="0.004021">
        <testcase name="testCheckWin" class="App\Game\ScoreBoardTest" classname="App.Game.ScoreBoardTest" file="/Users/tovelernvall/dbwebb-kurser/mvc/me/report/tests/Game/ScoreBoardTest.php" line="20" assertions="2" time="0.000926"/>
        <testcase name="testCalculateScore" class="App\Game\ScoreBoardTest" classname="App.Game.ScoreBoardTest" file="/Users/tovelernvall/dbwebb-kurser/mvc/me/report/tests/Game/ScoreBoardTest.php" line="30" assertions="2" time="0.000293"/>
        <testcase name="testRowScore" class="App\Game\ScoreBoardTest" classname="App.Game.ScoreBoardTest" file="/Users/tovelernvall/dbwebb-kurser/mvc/me/report/tests/Game/ScoreBoardTest.php" line="51" assertions="4" time="0.001391"/>
        <testcase name="testColScore" class="App\Game\ScoreBoardTest" classname="App.Game.ScoreBoardTest" file="/Users/tovelernvall/dbwebb-kurser/mvc/me/report/tests/Game/ScoreBoardTest.php" line="75" assertions="4" time="0.001411"/>
      </testsuite>
    </testsuite>
  </testsuite>
</testsuites>
